[2026-04-01T02:07:06.493Z] INFO: [dotenv@17.3.1] injecting env (0) from .env [2m-- tip: 🛡️ auth for agents: https://vestauth.com[0m
[2026-04-01T02:07:06.885Z] INFO: [2026-04-01T02:07:06.885Z] DB Connection SUCCESS: Database is reachable.
[2026-04-01T02:07:06.888Z] INFO: [2026-04-01T02:07:06.888Z] Server running on port 5005 with Clean Architecture
[2026-04-01T02:21:55.509Z] INFO: [dotenv@17.3.1] injecting env (0) from .env [2m-- tip: ⚡️ secrets for agents: https://dotenvx.com/as2[0m
[2026-04-01T02:21:55.869Z] INFO: [2026-04-01T02:21:55.869Z] DB Connection SUCCESS: Database is reachable.
[2026-04-01T02:21:55.872Z] INFO: [2026-04-01T02:21:55.872Z] Server running on port 5005 with Clean Architecture
[2026-04-01T02:23:00.060Z] INFO: [MealTicketController] Generating ticket. RID: 1, Type: undefined
[2026-04-01T02:23:00.062Z] INFO: [GenerateMealTicket] Attempting identification...
[2026-04-01T02:23:00.112Z] INFO: [GenerateMealTicket] Sending 6 candidates to Bridge.
[2026-04-01T02:23:00.151Z] INFO: [GenerateMealTicket] Bridge Response: status=SUCCESS, matchedIndex=-1
[2026-04-01T02:23:00.152Z] INFO: [GenerateMealTicket] Identification failed: Fingerprint not recognized
[2026-04-01T02:23:00.152Z] INFO: [GenerateMealTicket] Identification error: Biometric identification failed: Fingerprint not recognized
[2026-04-01T02:23:00.153Z] ERROR: [MealTicketController] Error caught: {}
[2026-04-01T02:23:00.154Z] INFO: [MealTicketController] Sending 403 with error: "Biometric identification failed: Fingerprint not recognized"
[2026-04-01T02:24:55.826Z] INFO: [dotenv@17.3.1] injecting env (0) from .env -- tip: ⚡️ secrets for agents: https://dotenvx.com/as2
[2026-04-01T02:24:56.142Z] INFO: [2026-04-01T02:24:56.142Z] DB Connection SUCCESS: Database is reachable.
[2026-04-01T02:24:56.145Z] INFO: [2026-04-01T02:24:56.145Z] Server running on port 5005 with Clean Architecture
[2026-04-01T02:25:21.087Z] INFO: [MealTicketController] Generating ticket. RID: 1, Type: undefined
[2026-04-01T02:25:21.087Z] INFO: [GenerateMealTicket] Standard lookup for ID: 1
[2026-04-01T02:25:21.140Z] INFO: [GenerateMealTicket] Checking authorization for RID 1. canGenerateMealTicket: true
[2026-04-01T02:25:21.140Z] INFO: [GenerateMealTicket] Generating ticket number for RID 1...
[2026-04-01T02:25:21.141Z] INFO: [GenerateMealTicket] Saving ticket MT-20260401-KGOG for RID 1...
[2026-04-01T02:25:21.159Z] INFO: [GenerateMealTicket] Ticket MT-20260401-KGOG saved successfully.
[2026-04-01T02:25:21.159Z] INFO: [MealTicketController] Ticket generated: MT-20260401-KGOG
[2026-04-01T02:25:53.475Z] INFO: [MealTicketController] Generating ticket. RID: null, Type: null
[2026-04-01T02:25:53.475Z] INFO: [GenerateMealTicket] Attempting identification...
[2026-04-01T02:25:53.616Z] INFO: [GenerateMealTicket] Sending 6 candidates to Bridge.
[2026-04-01T02:25:53.636Z] INFO: [GenerateMealTicket] Bridge Response: status=SUCCESS, matchedIndex=-1
[2026-04-01T02:25:53.636Z] INFO: [GenerateMealTicket] Identification failed: Fingerprint not recognized
[2026-04-01T02:25:53.636Z] INFO: [GenerateMealTicket] Identification error: Biometric identification failed: Fingerprint not recognized
[2026-04-01T02:25:53.636Z] ERROR: [MealTicketController] Error caught: {}
[2026-04-01T02:25:53.637Z] INFO: [MealTicketController] Sending 403 with error: "Biometric identification failed: Fingerprint not recognized"
[2026-04-01T02:29:21.213Z] INFO: [dotenv@17.3.1] injecting env (0) from .env [2m-- tip: ⚙️  suppress all logs with { quiet: true }[0m
[2026-04-01T02:29:21.512Z] INFO: [2026-04-01T02:29:21.512Z] DB Connection SUCCESS: Database is reachable.
[2026-04-01T02:29:21.515Z] INFO: [2026-04-01T02:29:21.515Z] Server running on port 5005 with Clean Architecture
[2026-04-01T02:30:09.575Z] INFO: [MealTicketController] Generating ticket. RID: null, Type: null
[2026-04-01T02:30:09.576Z] INFO: [GenerateMealTicket] Attempting identification...
[2026-04-01T02:30:09.667Z] INFO: [GenerateMealTicket] Sending 6 candidates to Bridge.
[2026-04-01T02:30:09.689Z] INFO: [GenerateMealTicket] Bridge Response: status=SUCCESS, matchedIndex=5
[2026-04-01T02:30:09.689Z] INFO: [GenerateMealTicket] IDENTIFIED_SUCCESS: jhazon enanoria (ID: 1)
[2026-04-01T02:30:09.689Z] INFO: [GenerateMealTicket] Checking authorization for RID 1. canGenerateMealTicket: true
[2026-04-01T02:30:09.689Z] INFO: [GenerateMealTicket] Generating ticket number for RID 1...
[2026-04-01T02:30:09.689Z] INFO: [GenerateMealTicket] Saving ticket MT-20260401-I66P for RID 1...
[2026-04-01T02:30:09.701Z] INFO: [GenerateMealTicket] Ticket MT-20260401-I66P saved successfully.
[2026-04-01T02:30:09.702Z] INFO: [MealTicketController] Ticket generated: MT-20260401-I66P
[2026-04-28T10:01:29.760Z] INFO: [dotenv@17.3.1] injecting env (0) from .env [2m-- tip: 🔐 encrypt with Dotenvx: https://dotenvx.com[0m
[2026-04-28T10:01:30.226Z] INFO: [2026-04-28T10:01:30.226Z] DB Connection SUCCESS: Database is reachable.
[2026-04-28T10:01:30.229Z] INFO: [2026-04-28T10:01:30.229Z] Server running on port 5005 with Clean Architecture
[2026-04-30T00:33:41.434Z] INFO: [dotenv@17.3.1] injecting env (0) from .env [2m-- tip: ⚙️  suppress all logs with { quiet: true }[0m
[2026-04-30T00:33:41.988Z] INFO: [2026-04-30T00:33:41.988Z] DB Connection SUCCESS: Database is reachable.
[2026-04-30T00:33:41.992Z] INFO: [2026-04-30T00:33:41.992Z] Server running on port 5005 with Clean Architecture
[2026-04-30T01:09:50.013Z] INFO: [dotenv@17.3.1] injecting env (0) from .env [2m-- tip: ⚙️  write to custom object with { processEnv: myObject }[0m
[2026-04-30T01:09:50.472Z] INFO: [2026-04-30T01:09:50.472Z] DB Connection SUCCESS: Database is reachable.
[2026-04-30T01:09:50.477Z] INFO: [2026-04-30T01:09:50.477Z] Server running on port 5005 with Clean Architecture
[2026-04-30T01:09:52.985Z] INFO: [DEBUG] Login attempt for user: admin
[2026-04-30T01:09:53.109Z] INFO: [DEBUG] Password valid: true
[2026-04-30T01:13:36.947Z] INFO: Updating registration 1 with data: {
  "firstName": "jhazon",
  "lastName": "enanoria",
  "email": "jhazoneanoria@gmail.com",
  "studentPhone": "32312321",
  "parentPhone": "6321313",
  "roomNo": "2",
  "floorNo": "2",
  "imd": "29",
  "hasFingerprint": true,
  "biometricTemplate": "Rk1SACAyMAABagAz/v8AAAFlAYgAxQDFAQAAAFY3QGAAaHpcgE0Ai4FcQPwAqDpcQJkBJ01cQEoAU3RaQEYA+jpaQLMANl5ZQBsAgXpYgJMALGVYQKkAZHBXgQIAvUZXQDIA6pVXQMcAbl5WQQkA809WQMwBFk9WQGcAEWxUQDoA04xUQLMBNlFTQHYAbnxTQI4A7ENQQNgBAk1PgDUAuIFPQI8AvDNOgIYAl4xMQFUAIQ9LQM0AzkRKgKAA5KJKQIYBSk9JQD8BI1ZIQCEAenxHQBoATRtGQHoA355EgKoBS1VEQSYAU0NEQLMAk5JEQCwA9Z0+gSIAPEY7QSAAM545QSYAXY83QCoBFFE3QRwAIUY2AFEBS0s1AJUBUbA0ALkAjpQzAS0AXZswABsA+CAwAKMBVAAwABQAingvABkASBktACgBKq8tACgBIKctASYAQkYsAB0AQR4rAS0AbkErAS8Af5orAAA=",
  "mealType": "Veggie",
  "registrationNumber": "625963",
  "name": "jhazon enanoria",
  "unit": "Room 2",
  "initials": "JE"
}
[2026-04-30T01:13:37.124Z] INFO: Registration 1 updated successfully: {
  "id": 1,
  "registrationNumber": "625963",
  "name": "jhazon enanoria",
  "firstName": "jhazon",
  "lastName": "enanoria",
  "email": "jhazoneanoria@gmail.com",
  "studentPhone": "32312321",
  "parentPhone": "6321313",
  "roomNo": "2",
  "floorNo": "2",
  "unit": "Room 2",
  "imd": "29",
  "hasFingerprint": true,
  "biometricTemplate": "Rk1SACAyMAABagAz/v8AAAFlAYgAxQDFAQAAAFY3QGAAaHpcgE0Ai4FcQPwAqDpcQJkBJ01cQEoAU3RaQEYA+jpaQLMANl5ZQBsAgXpYgJMALGVYQKkAZHBXgQIAvUZXQDIA6pVXQMcAbl5WQQkA809WQMwBFk9WQGcAEWxUQDoA04xUQLMBNlFTQHYAbnxTQI4A7ENQQNgBAk1PgDUAuIFPQI8AvDNOgIYAl4xMQFUAIQ9LQM0AzkRKgKAA5KJKQIYBSk9JQD8BI1ZIQCEAenxHQBoATRtGQHoA355EgKoBS1VEQSYAU0NEQLMAk5JEQCwA9Z0+gSIAPEY7QSAAM545QSYAXY83QCoBFFE3QRwAIUY2AFEBS0s1AJUBUbA0ALkAjpQzAS0AXZswABsA+CAwAKMBVAAwABQAingvABkASBktACgBKq8tACgBIKctASYAQkYsAB0AQR4rAS0AbkErAS8Af5orAAA=",
  "status": "Approved",
  "initials": "JE",
  "date": "2026-03-18T16:00:00.000Z",
  "canGenerateMealTicket": true,
  "mealTicketExpirationDate": "2026-05-06T16:00:00.000Z",
  "mealType": "Veggie",
  "createdAt": "2026-03-19T07:14:20.881Z"
}
[2026-04-30T01:14:04.608Z] INFO: [MealTicketController] Generating ticket. RID: null, Type: null
[2026-04-30T01:14:04.609Z] INFO: [GenerateMealTicket] Attempting identification...
[2026-04-30T01:14:04.660Z] INFO: [GenerateMealTicket] Sending 6 candidates to Bridge.
[2026-04-30T01:14:04.661Z] INFO: [GenerateMealTicket] Calling Bridge at: http://127.0.0.1:5003/identify
[2026-04-30T01:14:04.699Z] INFO: [GenerateMealTicket] Bridge Response: status=SUCCESS, matchedIndex=5
[2026-04-30T01:14:04.699Z] INFO: [GenerateMealTicket] IDENTIFIED_SUCCESS: jhazon enanoria (ID: 1)
[2026-04-30T01:14:04.699Z] INFO: [GenerateMealTicket] Checking authorization for RID 1. canGenerateMealTicket: true
[2026-04-30T01:14:04.700Z] INFO: [GenerateMealTicket] Generating ticket number for RID 1...
[2026-04-30T01:14:04.700Z] INFO: [GenerateMealTicket] Saving ticket MT-20260430-8713 for RID 1...
[2026-04-30T01:14:04.743Z] INFO: [GenerateMealTicket] Ticket MT-20260430-8713 saved successfully.
[2026-04-30T01:14:04.744Z] INFO: [GenerateMealTicket] Sending print job to: http://127.0.0.1:5003/print
[2026-04-30T01:14:04.969Z] INFO: [GenerateMealTicket] Print job sent successfully.
[2026-04-30T01:14:04.969Z] INFO: [GenerateMealTicket] Triggering WhatsApp notification for 6321313...
[2026-04-30T01:14:05.030Z] INFO: [MealTicketController] Ticket generated: MT-20260430-8713
[2026-04-30T01:14:05.058Z] INFO: [CreateAccessLog] Sending WhatsApp to 6321313: Hello! Your child jhazon enanoria has successfully used the biometric terminal for their Veggie meal at 01:14:05 UTC. Thank you!
[2026-04-30T01:14:05.509Z] ERROR: [WhatsAppService] Wassenger API Error: {
  "message": "Phone number is not a valid international mobile number (6321313). Fixed lines, VoIP, UAN or toll numbers are not allowed. Number must be in E164 format, including the country code with no spaces (e.g: +1234567890).",
  "status": 400
}
[2026-04-30T01:14:05.680Z] ERROR: [WhatsAppService] Wassenger API Error: {
  "message": "Phone number is not a valid international mobile number (6321313). Fixed lines, VoIP, UAN or toll numbers are not allowed. Number must be in E164 format, including the country code with no spaces (e.g: +1234567890).",
  "status": 400
}
[2026-04-30T01:14:05.681Z] INFO: [GenerateMealTicket] WhatsApp Notification FAILED for 6321313
[2026-04-30T01:14:36.206Z] INFO: [DEBUG] Login attempt for user: admin
[2026-04-30T01:14:36.302Z] INFO: [DEBUG] Password valid: false
[2026-04-30T01:14:36.303Z] ERROR: {}
[2026-04-30T01:14:39.346Z] INFO: [DEBUG] Login attempt for user: admin
[2026-04-30T01:14:39.451Z] INFO: [DEBUG] Password valid: true
[2026-04-30T01:15:22.271Z] INFO: [DEBUG] Login attempt for user: admin
[2026-04-30T01:15:22.354Z] INFO: [DEBUG] Password valid: true
[2026-04-30T01:15:52.737Z] INFO: Updating registration 1 with data: {
  "firstName": "jhazon",
  "lastName": "enanoria",
  "email": "jhazoneanoria@gmail.com",
  "studentPhone": "32312321",
  "parentPhone": "639381583922",
  "roomNo": "2",
  "floorNo": "2",
  "imd": "29",
  "hasFingerprint": true,
  "biometricTemplate": "Rk1SACAyMAABagAz/v8AAAFlAYgAxQDFAQAAAFY3QGAAaHpcgE0Ai4FcQPwAqDpcQJkBJ01cQEoAU3RaQEYA+jpaQLMANl5ZQBsAgXpYgJMALGVYQKkAZHBXgQIAvUZXQDIA6pVXQMcAbl5WQQkA809WQMwBFk9WQGcAEWxUQDoA04xUQLMBNlFTQHYAbnxTQI4A7ENQQNgBAk1PgDUAuIFPQI8AvDNOgIYAl4xMQFUAIQ9LQM0AzkRKgKAA5KJKQIYBSk9JQD8BI1ZIQCEAenxHQBoATRtGQHoA355EgKoBS1VEQSYAU0NEQLMAk5JEQCwA9Z0+gSIAPEY7QSAAM545QSYAXY83QCoBFFE3QRwAIUY2AFEBS0s1AJUBUbA0ALkAjpQzAS0AXZswABsA+CAwAKMBVAAwABQAingvABkASBktACgBKq8tACgBIKctASYAQkYsAB0AQR4rAS0AbkErAS8Af5orAAA=",
  "mealType": "Veggie",
  "registrationNumber": "625963",
  "name": "jhazon enanoria",
  "unit": "Room 2",
  "initials": "JE"
}
[2026-04-30T01:15:52.797Z] INFO: Registration 1 updated successfully: {
  "id": 1,
  "registrationNumber": "625963",
  "name": "jhazon enanoria",
  "firstName": "jhazon",
  "lastName": "enanoria",
  "email": "jhazoneanoria@gmail.com",
  "studentPhone": "32312321",
  "parentPhone": "639381583922",
  "roomNo": "2",
  "floorNo": "2",
  "unit": "Room 2",
  "imd": "29",
  "hasFingerprint": true,
  "biometricTemplate": "Rk1SACAyMAABagAz/v8AAAFlAYgAxQDFAQAAAFY3QGAAaHpcgE0Ai4FcQPwAqDpcQJkBJ01cQEoAU3RaQEYA+jpaQLMANl5ZQBsAgXpYgJMALGVYQKkAZHBXgQIAvUZXQDIA6pVXQMcAbl5WQQkA809WQMwBFk9WQGcAEWxUQDoA04xUQLMBNlFTQHYAbnxTQI4A7ENQQNgBAk1PgDUAuIFPQI8AvDNOgIYAl4xMQFUAIQ9LQM0AzkRKgKAA5KJKQIYBSk9JQD8BI1ZIQCEAenxHQBoATRtGQHoA355EgKoBS1VEQSYAU0NEQLMAk5JEQCwA9Z0+gSIAPEY7QSAAM545QSYAXY83QCoBFFE3QRwAIUY2AFEBS0s1AJUBUbA0ALkAjpQzAS0AXZswABsA+CAwAKMBVAAwABQAingvABkASBktACgBKq8tACgBIKctASYAQkYsAB0AQR4rAS0AbkErAS8Af5orAAA=",
  "status": "Approved",
  "initials": "JE",
  "date": "2026-03-18T16:00:00.000Z",
  "canGenerateMealTicket": true,
  "mealTicketExpirationDate": "2026-05-06T16:00:00.000Z",
  "mealType": "Veggie",
  "createdAt": "2026-03-19T07:14:20.881Z"
}
[2026-04-30T01:22:15.303Z] INFO: [MealTicketController] Generating ticket. RID: null, Type: null
[2026-04-30T01:22:15.303Z] INFO: [GenerateMealTicket] Attempting identification...
[2026-04-30T01:22:15.460Z] INFO: [GenerateMealTicket] Sending 6 candidates to Bridge.
[2026-04-30T01:22:15.461Z] INFO: [GenerateMealTicket] Calling Bridge at: http://127.0.0.1:5003/identify
[2026-04-30T01:22:15.469Z] INFO: [GenerateMealTicket] Bridge Response: status=SUCCESS, matchedIndex=5
[2026-04-30T01:22:15.470Z] INFO: [GenerateMealTicket] IDENTIFIED_SUCCESS: jhazon enanoria (ID: 1)
[2026-04-30T01:22:15.470Z] INFO: [GenerateMealTicket] Checking authorization for RID 1. canGenerateMealTicket: true
[2026-04-30T01:22:15.470Z] INFO: [GenerateMealTicket] Generating ticket number for RID 1...
[2026-04-30T01:22:15.471Z] INFO: [GenerateMealTicket] Saving ticket MT-20260430-HBZH for RID 1...
[2026-04-30T01:22:15.503Z] INFO: [GenerateMealTicket] Ticket MT-20260430-HBZH saved successfully.
[2026-04-30T01:22:15.504Z] INFO: [GenerateMealTicket] Sending print job to: http://127.0.0.1:5003/print
[2026-04-30T01:22:15.537Z] INFO: [GenerateMealTicket] Print job sent successfully.
[2026-04-30T01:22:15.538Z] INFO: [GenerateMealTicket] Triggering WhatsApp notification for 639381583922...
[2026-04-30T01:22:15.541Z] INFO: [MealTicketController] Ticket generated: MT-20260430-HBZH
[2026-04-30T01:22:15.572Z] INFO: [CreateAccessLog] Sending WhatsApp to 639381583922: Hello! Your child jhazon enanoria has successfully used the biometric terminal for their Veggie meal at 01:22:15 UTC. Thank you!
[2026-04-30T01:22:15.975Z] INFO: [WhatsAppService] Message sent via Wassenger to 639381583922. ID: 69f2aec8c48c7994f7aaf371
[2026-04-30T01:22:15.988Z] INFO: [WhatsAppService] Message sent via Wassenger to 639381583922. ID: 69f2aec825b046ca267527eb
[2026-04-30T01:22:15.988Z] INFO: [GenerateMealTicket] WhatsApp Notification SENT for 639381583922
[2026-04-30T01:33:38.978Z] INFO: [DEBUG] Login attempt for user: admin
[2026-04-30T01:33:39.083Z] INFO: [DEBUG] Password valid: true
[2026-04-30T01:40:01.520Z] INFO: [DEBUG] Login attempt for user: admin
[2026-04-30T01:40:01.621Z] INFO: [DEBUG] Password valid: true
[2026-04-30T01:42:56.436Z] INFO: [DEBUG] Login attempt for user: admin
[2026-04-30T01:42:56.525Z] INFO: [DEBUG] Password valid: false
[2026-04-30T01:42:56.525Z] ERROR: {}
[2026-04-30T01:43:02.341Z] INFO: [DEBUG] Login attempt for user: admin
[2026-04-30T01:43:02.438Z] INFO: [DEBUG] Password valid: true
[2026-04-30T01:52:31.906Z] INFO: [dotenv@17.3.1] injecting env (0) from .env [2m-- tip: ⚙️  override existing env vars with { override: true }[0m
[2026-04-30T01:52:32.323Z] INFO: [2026-04-30T01:52:32.323Z] DB Connection SUCCESS: Database is reachable.
[2026-04-30T01:52:32.326Z] INFO: [2026-04-30T01:52:32.326Z] Server running on port 5005 with Clean Architecture
[2026-04-30T01:52:50.640Z] INFO: [DEBUG] Login attempt for user: admin
[2026-04-30T01:52:50.748Z] INFO: [DEBUG] Password valid: true
[2026-04-30T01:58:19.389Z] INFO: [SystemController] Updating setting: whatsapp_biometric_message = Hello!  {name} has successfully generate a meal ticket for their {mealType} meal at {time}. Thank you!
[2026-04-30T01:58:19.389Z] INFO: [PostgresSystemSettingsRepository] Setting whatsapp_biometric_message to Hello!  {name} has successfully generate a meal ticket for their {mealType} meal at {time}. Thank you!
[2026-04-30T01:58:19.478Z] INFO: [PostgresSystemSettingsRepository] Successfully updated whatsapp_biometric_message
[2026-04-30T01:58:19.478Z] INFO: [SystemController] Setting updated successfully
[2026-04-30T01:58:20.200Z] INFO: [SystemController] Updating setting: whatsapp_biometric_message = Hello!  {name} has successfully generate a meal ticket for their {mealType} meal at {time}. Thank you!
[2026-04-30T01:58:20.200Z] INFO: [PostgresSystemSettingsRepository] Setting whatsapp_biometric_message to Hello!  {name} has successfully generate a meal ticket for their {mealType} meal at {time}. Thank you!
[2026-04-30T01:58:20.203Z] INFO: [PostgresSystemSettingsRepository] Successfully updated whatsapp_biometric_message
[2026-04-30T01:58:20.204Z] INFO: [SystemController] Setting updated successfully
[2026-04-30T01:58:20.642Z] INFO: [SystemController] Updating setting: whatsapp_biometric_message = Hello!  {name} has successfully generate a meal ticket for their {mealType} meal at {time}. Thank you!
[2026-04-30T01:58:20.642Z] INFO: [PostgresSystemSettingsRepository] Setting whatsapp_biometric_message to Hello!  {name} has successfully generate a meal ticket for their {mealType} meal at {time}. Thank you!
[2026-04-30T01:58:20.673Z] INFO: [PostgresSystemSettingsRepository] Successfully updated whatsapp_biometric_message
[2026-04-30T01:58:20.673Z] INFO: [SystemController] Setting updated successfully
[2026-04-30T01:58:58.574Z] INFO: [SystemController] Updating setting: whatsapp_biometric_message = Hello!  {name} has successfully generate a meal ticket for their {mealType} meal at {time}. Thank you!
[2026-04-30T01:58:58.575Z] INFO: [PostgresSystemSettingsRepository] Setting whatsapp_biometric_message to Hello!  {name} has successfully generate a meal ticket for their {mealType} meal at {time}. Thank you!
[2026-04-30T01:58:58.580Z] INFO: [PostgresSystemSettingsRepository] Successfully updated whatsapp_biometric_message
[2026-04-30T01:58:58.580Z] INFO: [SystemController] Setting updated successfully
[2026-04-30T02:00:10.913Z] INFO: [dotenv@17.3.1] injecting env (0) from .env [2m-- tip: ⚙️  suppress all logs with { quiet: true }[0m
[2026-04-30T02:00:11.288Z] INFO: [2026-04-30T02:00:11.288Z] DB Connection SUCCESS: Database is reachable.
[2026-04-30T02:00:11.294Z] INFO: [2026-04-30T02:00:11.294Z] Server running on port 5005 with Clean Architecture
[2026-04-30T02:00:35.817Z] INFO: [MealTicketController] Generating ticket. RID: null, Type: null
[2026-04-30T02:00:35.818Z] INFO: [GenerateMealTicket] Attempting identification...
[2026-04-30T02:00:35.874Z] INFO: [GenerateMealTicket] Sending 6 candidates to Bridge.
[2026-04-30T02:00:35.874Z] INFO: [GenerateMealTicket] Calling Bridge at: http://127.0.0.1:5003/identify
[2026-04-30T02:00:35.894Z] INFO: [GenerateMealTicket] Bridge Response: status=SUCCESS, matchedIndex=5
[2026-04-30T02:00:35.895Z] INFO: [GenerateMealTicket] IDENTIFIED_SUCCESS: jhazon enanoria (ID: 1)
[2026-04-30T02:00:35.895Z] INFO: [GenerateMealTicket] Checking authorization for RID 1. canGenerateMealTicket: true
[2026-04-30T02:00:35.895Z] INFO: [GenerateMealTicket] Generating ticket number for RID 1...
[2026-04-30T02:00:35.896Z] INFO: [GenerateMealTicket] Saving ticket MT-20260430-N6AJ for RID 1...
[2026-04-30T02:00:35.943Z] INFO: [GenerateMealTicket] Ticket MT-20260430-N6AJ saved successfully.
[2026-04-30T02:00:35.944Z] INFO: [GenerateMealTicket] Sending print job to: http://127.0.0.1:5003/print
[2026-04-30T02:00:36.016Z] INFO: [GenerateMealTicket] Print job sent successfully.
[2026-04-30T02:00:36.017Z] INFO: [GenerateMealTicket] Triggering WhatsApp notification for 639381583922...
[2026-04-30T02:00:36.082Z] INFO: [MealTicketController] Ticket generated: MT-20260430-N6AJ
[2026-04-30T02:00:36.112Z] INFO: [CreateAccessLog] Sending WhatsApp to 639381583922: Hello!  jhazon enanoria has successfully generate a meal ticket for their Veggie meal at 02:00:36 UTC. Thank you!
[2026-04-30T02:00:36.770Z] INFO: [WhatsAppService] Message sent via Wassenger to 639381583922. ID: 69f2b7c4dd30dcba1872fbd6
[2026-04-30T02:00:38.850Z] INFO: [WhatsAppService] Message sent via Wassenger to 639381583922. ID: 69f2b7c6fe2d040345986a7f
[2026-04-30T02:00:38.851Z] INFO: [GenerateMealTicket] WhatsApp Notification SENT for 639381583922
[2026-04-30T02:02:33.955Z] INFO: [MealTicketController] Generating ticket. RID: null, Type: null
[2026-04-30T02:02:33.956Z] INFO: [GenerateMealTicket] Attempting identification...
[2026-04-30T02:02:34.021Z] INFO: [GenerateMealTicket] Sending 6 candidates to Bridge.
[2026-04-30T02:02:34.021Z] INFO: [GenerateMealTicket] Calling Bridge at: http://127.0.0.1:5003/identify
[2026-04-30T02:02:34.027Z] INFO: [GenerateMealTicket] Bridge Response: status=SUCCESS, matchedIndex=5
[2026-04-30T02:02:34.028Z] INFO: [GenerateMealTicket] IDENTIFIED_SUCCESS: jhazon enanoria (ID: 1)
[2026-04-30T02:02:34.028Z] INFO: [GenerateMealTicket] Checking authorization for RID 1. canGenerateMealTicket: true
[2026-04-30T02:02:34.028Z] INFO: [GenerateMealTicket] Generating ticket number for RID 1...
[2026-04-30T02:02:34.028Z] INFO: [GenerateMealTicket] Saving ticket MT-20260430-IDZE for RID 1...
[2026-04-30T02:02:34.033Z] INFO: [GenerateMealTicket] Ticket MT-20260430-IDZE saved successfully.
[2026-04-30T02:02:34.034Z] INFO: [GenerateMealTicket] Sending print job to: http://127.0.0.1:5003/print
[2026-04-30T02:02:34.079Z] INFO: [GenerateMealTicket] Print job sent successfully.
[2026-04-30T02:02:34.080Z] INFO: [GenerateMealTicket] Triggering WhatsApp notification for 639381583922...
[2026-04-30T02:02:34.087Z] INFO: [MealTicketController] Ticket generated: MT-20260430-IDZE
[2026-04-30T02:02:34.105Z] INFO: [CreateAccessLog] Sending WhatsApp to 639381583922: Hello!  jhazon enanoria has successfully generate a meal ticket for their Veggie meal at 02:02:34 UTC. Thank you!
[2026-04-30T02:02:34.557Z] INFO: [WhatsAppService] Message sent via Wassenger to 639381583922. ID: 69f2b83afe2d04034598aeb6
[2026-04-30T02:02:34.557Z] INFO: [GenerateMealTicket] WhatsApp Notification SENT for 639381583922
[2026-04-30T02:02:34.560Z] INFO: [WhatsAppService] Message sent via Wassenger to 639381583922. ID: 69f2b83afe2d04034598aebe
[2026-04-30T02:07:44.225Z] INFO: [MealTicketController] Generating ticket. RID: null, Type: null
[2026-04-30T02:07:44.225Z] INFO: [GenerateMealTicket] Attempting identification...
[2026-04-30T02:07:44.281Z] INFO: [GenerateMealTicket] Sending 6 candidates to Bridge.
[2026-04-30T02:07:44.282Z] INFO: [GenerateMealTicket] Calling Bridge at: http://127.0.0.1:5003/identify
[2026-04-30T02:07:44.288Z] INFO: [GenerateMealTicket] Bridge Response: status=SUCCESS, matchedIndex=5
[2026-04-30T02:07:44.288Z] INFO: [GenerateMealTicket] IDENTIFIED_SUCCESS: jhazon enanoria (ID: 1)
[2026-04-30T02:07:44.288Z] INFO: [GenerateMealTicket] Checking authorization for RID 1. canGenerateMealTicket: true
[2026-04-30T02:07:44.289Z] INFO: [GenerateMealTicket] Generating ticket number for RID 1...
[2026-04-30T02:07:44.289Z] INFO: [GenerateMealTicket] Saving ticket MT-20260430-6484 for RID 1...
[2026-04-30T02:07:44.324Z] INFO: [GenerateMealTicket] Ticket MT-20260430-6484 saved successfully.
[2026-04-30T02:07:44.325Z] INFO: [GenerateMealTicket] Sending print job to: http://127.0.0.1:5003/print
[2026-04-30T02:07:44.368Z] INFO: [GenerateMealTicket] Print job sent successfully.
[2026-04-30T02:07:44.368Z] INFO: [GenerateMealTicket] Triggering WhatsApp notification for 639381583922...
[2026-04-30T02:07:44.372Z] INFO: [MealTicketController] Ticket generated: MT-20260430-6484
[2026-04-30T02:07:44.389Z] INFO: [CreateAccessLog] Sending WhatsApp to 639381583922: Hello!  jhazon enanoria has successfully generate a meal ticket for their Veggie meal at 02:07:44 UTC. Thank you!
[2026-04-30T02:07:44.822Z] INFO: [WhatsAppService] Message sent via Wassenger to 639381583922. ID: 69f2b970b4676fab1020fc29
[2026-04-30T02:07:44.823Z] INFO: [WhatsAppService] Message sent via Wassenger to 639381583922. ID: 69f2b970fe2d04034598f251
[2026-04-30T02:07:44.824Z] INFO: [GenerateMealTicket] WhatsApp Notification SENT for 639381583922
[2026-04-30T02:11:15.336Z] INFO: [MealTicketController] Generating ticket. RID: null, Type: null
[2026-04-30T02:11:15.337Z] INFO: [GenerateMealTicket] Attempting identification...
[2026-04-30T02:11:15.412Z] INFO: [GenerateMealTicket] Sending 6 candidates to Bridge.
[2026-04-30T02:11:15.414Z] INFO: [GenerateMealTicket] Calling Bridge at: http://127.0.0.1:5003/identify
[2026-04-30T02:11:15.422Z] INFO: [GenerateMealTicket] Bridge Response: status=SUCCESS, matchedIndex=5
[2026-04-30T02:11:15.422Z] INFO: [GenerateMealTicket] IDENTIFIED_SUCCESS: jhazon enanoria (ID: 1)
[2026-04-30T02:11:15.422Z] INFO: [GenerateMealTicket] Checking authorization for RID 1. canGenerateMealTicket: true
[2026-04-30T02:11:15.422Z] INFO: [GenerateMealTicket] Generating ticket number for RID 1...
[2026-04-30T02:11:15.423Z] INFO: [GenerateMealTicket] Saving ticket MT-20260430-1B1Z for RID 1...
[2026-04-30T02:11:15.458Z] INFO: [GenerateMealTicket] Ticket MT-20260430-1B1Z saved successfully.
[2026-04-30T02:11:15.459Z] INFO: [GenerateMealTicket] Sending print job to: http://127.0.0.1:5003/print
[2026-04-30T02:11:15.501Z] INFO: [GenerateMealTicket] Print job sent successfully.
[2026-04-30T02:11:15.503Z] INFO: [GenerateMealTicket] Triggering WhatsApp notification for 639381583922...
[2026-04-30T02:11:15.511Z] INFO: [MealTicketController] Ticket generated: MT-20260430-1B1Z
[2026-04-30T02:11:15.540Z] INFO: [CreateAccessLog] Sending WhatsApp to 639381583922: Hello!  jhazon enanoria has successfully generate a meal ticket for their Veggie meal at 02:11:15 UTC. Thank you!
[2026-04-30T02:11:16.011Z] INFO: [WhatsAppService] Message sent via Wassenger to 639381583922. ID: 69f2ba43fe2d040345992422
[2026-04-30T02:11:16.011Z] INFO: [GenerateMealTicket] WhatsApp Notification SENT for 639381583922
[2026-04-30T02:11:16.170Z] INFO: [WhatsAppService] Message sent via Wassenger to 639381583922. ID: 69f2ba44737d4ca4d1a4ccb5
[2026-04-30T02:11:48.102Z] INFO: [dotenv@17.3.1] injecting env (0) from .env [2m-- tip: ⚙️  enable debug logging with { debug: true }[0m
[2026-04-30T02:11:48.552Z] INFO: [2026-04-30T02:11:48.552Z] DB Connection SUCCESS: Database is reachable.
[2026-04-30T02:11:48.555Z] INFO: [2026-04-30T02:11:48.555Z] Server running on port 5005 with Clean Architecture
[2026-04-30T02:19:16.942Z] INFO: [dotenv@17.3.1] injecting env (0) from .env [2m-- tip: ⚙️  specify custom .env file path with { path: '/custom/path/.env' }[0m
[2026-04-30T02:19:17.385Z] INFO: [2026-04-30T02:19:17.384Z] DB Connection SUCCESS: Database is reachable.
[2026-04-30T02:19:17.389Z] INFO: [2026-04-30T02:19:17.389Z] Server running on port 5005 with Clean Architecture
[2026-04-30T02:19:23.231Z] INFO: [MealTicketController] Generating ticket. RID: null, Type: null
[2026-04-30T02:19:23.232Z] INFO: [GenerateMealTicket] Attempting identification...
[2026-04-30T02:19:23.250Z] INFO: [GenerateMealTicket] Sending 6 candidates to Bridge.
[2026-04-30T02:19:23.250Z] INFO: [GenerateMealTicket] Calling Bridge at: http://127.0.0.1:5003/identify
[2026-04-30T02:19:23.273Z] INFO: [GenerateMealTicket] Bridge Response: status=SUCCESS, matchedIndex=5
[2026-04-30T02:19:23.274Z] INFO: [GenerateMealTicket] IDENTIFIED_SUCCESS: jhazon enanoria (ID: 1)
[2026-04-30T02:19:23.275Z] INFO: [GenerateMealTicket] Checking authorization for RID 1. canGenerateMealTicket: true
[2026-04-30T02:19:23.275Z] INFO: [GenerateMealTicket] Generating ticket number for RID 1...
[2026-04-30T02:19:23.275Z] INFO: [GenerateMealTicket] Saving ticket MT-20260430-4FRZ for RID 1...
[2026-04-30T02:19:23.298Z] INFO: [GenerateMealTicket] Ticket MT-20260430-4FRZ saved successfully.
[2026-04-30T02:19:23.298Z] INFO: [GenerateMealTicket] Sending print job to: http://127.0.0.1:5003/print
[2026-04-30T02:19:23.362Z] INFO: [GenerateMealTicket] Print job sent successfully.
[2026-04-30T02:19:23.362Z] INFO: [GenerateMealTicket] Triggering WhatsApp notification for 639381583922...
[2026-04-30T02:19:23.420Z] INFO: [MealTicketController] Ticket generated: MT-20260430-4FRZ
[2026-04-30T02:19:23.438Z] INFO: [CreateAccessLog] Sending WhatsApp to 639381583922: Hello!  jhazon enanoria has successfully generate a meal ticket for their Veggie meal at 02:19:23 UTC. Thank you!
[2026-04-30T02:19:24.061Z] INFO: [WhatsAppService] Message sent via Wassenger to 639381583922. ID: 69f2bc2b1b8b5895c383f940
[2026-04-30T02:19:24.062Z] INFO: [GenerateMealTicket] WhatsApp Notification SENT for 639381583922
[2026-04-30T02:19:24.069Z] INFO: [WhatsAppService] Message sent via Wassenger to 639381583922. ID: 69f2bc2b1b8b5895c383f949
[2026-04-30T02:25:00.062Z] INFO: [dotenv@17.3.1] injecting env (0) from .env [2m-- tip: 🛡️ auth for agents: https://vestauth.com[0m
[2026-04-30T02:25:00.517Z] INFO: [2026-04-30T02:25:00.517Z] DB Connection SUCCESS: Database is reachable.
[2026-04-30T02:25:00.520Z] INFO: [2026-04-30T02:25:00.520Z] Server running on port 5005 with Clean Architecture
[2026-04-30T02:25:37.058Z] INFO: [MealTicketController] Generating ticket. RID: null, Type: null
[2026-04-30T02:25:37.058Z] INFO: [GenerateMealTicket] Attempting identification...
[2026-04-30T02:25:37.112Z] INFO: [GenerateMealTicket] Sending 6 candidates to Bridge.
[2026-04-30T02:25:37.112Z] INFO: [GenerateMealTicket] Calling Bridge at: http://127.0.0.1:5003/identify
[2026-04-30T02:25:37.130Z] INFO: [GenerateMealTicket] Bridge Response: status=SUCCESS, matchedIndex=5
[2026-04-30T02:25:37.131Z] INFO: [GenerateMealTicket] IDENTIFIED_SUCCESS: jhazon enanoria (ID: 1)
[2026-04-30T02:25:37.131Z] INFO: [GenerateMealTicket] Checking authorization for RID 1. canGenerateMealTicket: true
[2026-04-30T02:25:37.132Z] INFO: [GenerateMealTicket] Generating ticket number for RID 1...
[2026-04-30T02:25:37.132Z] INFO: [GenerateMealTicket] Saving ticket MT-20260430-Z283 for RID 1...
[2026-04-30T02:25:37.173Z] INFO: [GenerateMealTicket] Ticket MT-20260430-Z283 saved successfully.
[2026-04-30T02:25:37.173Z] INFO: [GenerateMealTicket] Sending print job to: http://127.0.0.1:5003/print
[2026-04-30T02:25:37.232Z] INFO: [GenerateMealTicket] Print job sent successfully.
[2026-04-30T02:25:37.232Z] INFO: [MealTicketController] Ticket generated: MT-20260430-Z283
[2026-04-30T02:25:37.266Z] INFO: [CreateAccessLog] Sending WhatsApp to 639381583922: Hello!  jhazon enanoria has successfully generate a meal ticket for their Veggie meal at 02:25:37 UTC. Thank you!
[2026-04-30T02:25:37.751Z] INFO: [WhatsAppService] Message sent via Wassenger to 639381583922. ID: 69f2bda1737d4ca4d1a5d9fd
[2026-04-30T02:27:18.092Z] INFO: [dotenv@17.3.1] injecting env (0) from .env [2m-- tip: ⚡️ secrets for agents: https://dotenvx.com/as2[0m
[2026-04-30T02:27:18.586Z] INFO: [2026-04-30T02:27:18.586Z] DB Connection SUCCESS: Database is reachable.
[2026-04-30T02:27:18.591Z] INFO: [2026-04-30T02:27:18.591Z] Server running on port 5005 with Clean Architecture
[2026-04-30T02:27:45.891Z] INFO: [MealTicketController] Generating ticket. RID: null, Type: null
[2026-04-30T02:27:45.892Z] INFO: [GenerateMealTicket] Attempting identification...
[2026-04-30T02:27:46.055Z] INFO: [GenerateMealTicket] Sending 6 candidates to Bridge.
[2026-04-30T02:27:46.056Z] INFO: [GenerateMealTicket] Calling Bridge at: http://127.0.0.1:5003/identify
[2026-04-30T02:27:46.073Z] INFO: [GenerateMealTicket] Bridge Response: status=SUCCESS, matchedIndex=5
[2026-04-30T02:27:46.073Z] INFO: [GenerateMealTicket] IDENTIFIED_SUCCESS: jhazon enanoria (ID: 1)
[2026-04-30T02:27:46.074Z] INFO: [GenerateMealTicket] Checking authorization for RID 1. canGenerateMealTicket: true
[2026-04-30T02:27:46.074Z] INFO: [GenerateMealTicket] Generating ticket number for RID 1...
[2026-04-30T02:27:46.074Z] INFO: [GenerateMealTicket] Saving ticket MT-20260430-RG1F for RID 1...
[2026-04-30T02:27:46.078Z] INFO: [GenerateMealTicket] Ticket MT-20260430-RG1F saved successfully.
[2026-04-30T02:27:46.078Z] INFO: [MealTicketController] Ticket generated: MT-20260430-RG1F
[2026-04-30T02:27:46.109Z] INFO: [CreateAccessLog] Sending WhatsApp to 639381583922: Hello!  jhazon enanoria has successfully generate a meal ticket for their Veggie meal at 02:27:46 UTC. Thank you!
[2026-04-30T02:27:46.586Z] INFO: [WhatsAppService] Message sent via Wassenger to 639381583922. ID: 69f2be221b8b5895c384770c
[2026-04-30T02:32:32.870Z] INFO: [dotenv@17.3.1] injecting env (0) from .env [2m-- tip: ⚙️  load multiple .env files with { path: ['.env.local', '.env'] }[0m
[2026-04-30T02:32:33.277Z] INFO: [2026-04-30T02:32:33.277Z] DB Connection SUCCESS: Database is reachable.
[2026-04-30T02:32:33.283Z] INFO: [2026-04-30T02:32:33.283Z] Server running on port 5005 with Clean Architecture
[2026-04-30T02:32:53.595Z] INFO: [MealTicketController] Generating ticket. RID: null, Type: null
[2026-04-30T02:32:53.596Z] INFO: [GenerateMealTicket] Attempting identification...
[2026-04-30T02:32:53.650Z] INFO: [GenerateMealTicket] Sending 6 candidates to Bridge.
[2026-04-30T02:32:53.650Z] INFO: [GenerateMealTicket] Calling Bridge at: http://127.0.0.1:5003/identify
[2026-04-30T02:32:53.671Z] INFO: [GenerateMealTicket] Bridge Response: status=SUCCESS, matchedIndex=5
[2026-04-30T02:32:53.672Z] INFO: [GenerateMealTicket] IDENTIFIED_SUCCESS: jhazon enanoria (ID: 1)
[2026-04-30T02:32:53.673Z] INFO: [GenerateMealTicket] Checking authorization for RID 1. canGenerateMealTicket: true
[2026-04-30T02:32:53.673Z] INFO: [GenerateMealTicket] Generating ticket number for RID 1...
[2026-04-30T02:32:53.673Z] INFO: [GenerateMealTicket] Saving ticket MT-20260430-RVUJ for RID 1...
[2026-04-30T02:32:53.711Z] INFO: [GenerateMealTicket] Ticket MT-20260430-RVUJ saved successfully.
[2026-04-30T02:32:53.711Z] INFO: [MealTicketController] Ticket generated: MT-20260430-RVUJ
[2026-04-30T02:32:53.765Z] INFO: [CreateAccessLog] Sending WhatsApp to 639381583922: Hello!  jhazon enanoria has successfully generate a meal ticket for their Veggie meal at 10:32:53 AM. Thank you!
[2026-04-30T02:32:59.180Z] INFO: [WhatsAppService] Message sent via Wassenger to 639381583922. ID: 69f2bf5afe2d0403459ab605
[2026-04-30T02:38:03.557Z] INFO: [DEBUG] Login attempt for user: admin
[2026-04-30T02:38:03.662Z] INFO: [DEBUG] Password valid: true
[2026-04-30T02:38:34.495Z] INFO: Updating registration 5 with data: {
  "firstName": "rex",
  "lastName": "domingo",
  "email": "rex@gmail.com",
  "studentPhone": "46456",
  "parentPhone": "54645645",
  "roomNo": "5",
  "floorNo": "14",
  "imd": "29",
  "hasFingerprint": true,
  "biometricTemplate": "Rk1SACAyMAABuAAz/v8AAAFlAYgAxQDFAQAAAFZEgKoAtGNkQFAA+oFkQDsAhXBjQFsAtnRhgH4BHI1bQF0BUDJbQGAARmdaQO4AoE5aQH0BU5RZgLcAeFhZQHYAj2lZgHwArHBYgLMBMjhXQNIA3VJWgLoA32JWQKoBQ51WgOIAvk9TQP4Abk1SQLEAZ6xRgKkBGpRQQQ0BEENPQFcAZAtPQJABLZRPQJgAwAVKgQIA/EhJQNQBH0FJQCUAiRdJQNsBVJ9JQFEAQgZIQR0AjqBHQGsA23pGQHwA+n1FQF0BO49EQR8AgUZEQE0BSo9EgGsA4nxDQCEAkxdCQQ8AhEtCQLABCJRBQRMAf6hAQGcBNZA/gSYAm0Y+QFUBPZQ+gCgApRQ9QMUBBp49QFYBSzU9gCEAmRc9QSIAk6E8QBsAgXY7QHQBXDg5ARwAZEM0ALAA9a4yAKsBXj8yAB0AuHgxAJABXpgxAJ4BYZowAG0BXjgvAMABYUQuACUArBItABoA4nctAHYBYTktAB0A0ngtABoA9HotAFYBYY8tAMwBXp4sASgAxqMsAOIBW0kqAKUBYT8qAAA=",
  "mealType": "Veggie",
  "registrationNumber": "924229",
  "name": "rex domingo",
  "unit": "Room 5",
  "initials": "RD"
}
[2026-04-30T02:38:34.582Z] INFO: Registration 5 updated successfully: {
  "id": 5,
  "registrationNumber": "924229",
  "name": "rex domingo",
  "firstName": "rex",
  "lastName": "domingo",
  "email": "rex@gmail.com",
  "studentPhone": "46456",
  "parentPhone": "54645645",
  "roomNo": "5",
  "floorNo": "14",
  "unit": "Room 5",
  "imd": "29",
  "hasFingerprint": true,
  "biometricTemplate": "Rk1SACAyMAABuAAz/v8AAAFlAYgAxQDFAQAAAFZEgKoAtGNkQFAA+oFkQDsAhXBjQFsAtnRhgH4BHI1bQF0BUDJbQGAARmdaQO4AoE5aQH0BU5RZgLcAeFhZQHYAj2lZgHwArHBYgLMBMjhXQNIA3VJWgLoA32JWQKoBQ51WgOIAvk9TQP4Abk1SQLEAZ6xRgKkBGpRQQQ0BEENPQFcAZAtPQJABLZRPQJgAwAVKgQIA/EhJQNQBH0FJQCUAiRdJQNsBVJ9JQFEAQgZIQR0AjqBHQGsA23pGQHwA+n1FQF0BO49EQR8AgUZEQE0BSo9EgGsA4nxDQCEAkxdCQQ8AhEtCQLABCJRBQRMAf6hAQGcBNZA/gSYAm0Y+QFUBPZQ+gCgApRQ9QMUBBp49QFYBSzU9gCEAmRc9QSIAk6E8QBsAgXY7QHQBXDg5ARwAZEM0ALAA9a4yAKsBXj8yAB0AuHgxAJABXpgxAJ4BYZowAG0BXjgvAMABYUQuACUArBItABoA4nctAHYBYTktAB0A0ngtABoA9HotAFYBYY8tAMwBXp4sASgAxqMsAOIBW0kqAKUBYT8qAAA=",
  "status": "Approved",
  "initials": "RD",
  "date": "2026-03-25T16:00:00.000Z",
  "canGenerateMealTicket": true,
  "mealTicketExpirationDate": "2026-04-14T16:00:00.000Z",
  "mealType": "Veggie",
  "createdAt": "2026-03-26T03:48:36.726Z"
}
[2026-04-30T02:38:51.240Z] INFO: Updating registration 5 with data: {
  "firstName": "rex",
  "lastName": "domingo",
  "email": "rex@gmail.com",
  "studentPhone": "46456",
  "parentPhone": "639357117604",
  "roomNo": "5",
  "floorNo": "14",
  "imd": "29",
  "hasFingerprint": true,
  "biometricTemplate": "Rk1SACAyMAABuAAz/v8AAAFlAYgAxQDFAQAAAFZEgKoAtGNkQFAA+oFkQDsAhXBjQFsAtnRhgH4BHI1bQF0BUDJbQGAARmdaQO4AoE5aQH0BU5RZgLcAeFhZQHYAj2lZgHwArHBYgLMBMjhXQNIA3VJWgLoA32JWQKoBQ51WgOIAvk9TQP4Abk1SQLEAZ6xRgKkBGpRQQQ0BEENPQFcAZAtPQJABLZRPQJgAwAVKgQIA/EhJQNQBH0FJQCUAiRdJQNsBVJ9JQFEAQgZIQR0AjqBHQGsA23pGQHwA+n1FQF0BO49EQR8AgUZEQE0BSo9EgGsA4nxDQCEAkxdCQQ8AhEtCQLABCJRBQRMAf6hAQGcBNZA/gSYAm0Y+QFUBPZQ+gCgApRQ9QMUBBp49QFYBSzU9gCEAmRc9QSIAk6E8QBsAgXY7QHQBXDg5ARwAZEM0ALAA9a4yAKsBXj8yAB0AuHgxAJABXpgxAJ4BYZowAG0BXjgvAMABYUQuACUArBItABoA4nctAHYBYTktAB0A0ngtABoA9HotAFYBYY8tAMwBXp4sASgAxqMsAOIBW0kqAKUBYT8qAAA=",
  "mealType": "Veggie",
  "registrationNumber": "924229",
  "name": "rex domingo",
  "unit": "Room 5",
  "initials": "RD"
}
[2026-04-30T02:38:51.295Z] INFO: Registration 5 updated successfully: {
  "id": 5,
  "registrationNumber": "924229",
  "name": "rex domingo",
  "firstName": "rex",
  "lastName": "domingo",
  "email": "rex@gmail.com",
  "studentPhone": "46456",
  "parentPhone": "639357117604",
  "roomNo": "5",
  "floorNo": "14",
  "unit": "Room 5",
  "imd": "29",
  "hasFingerprint": true,
  "biometricTemplate": "Rk1SACAyMAABuAAz/v8AAAFlAYgAxQDFAQAAAFZEgKoAtGNkQFAA+oFkQDsAhXBjQFsAtnRhgH4BHI1bQF0BUDJbQGAARmdaQO4AoE5aQH0BU5RZgLcAeFhZQHYAj2lZgHwArHBYgLMBMjhXQNIA3VJWgLoA32JWQKoBQ51WgOIAvk9TQP4Abk1SQLEAZ6xRgKkBGpRQQQ0BEENPQFcAZAtPQJABLZRPQJgAwAVKgQIA/EhJQNQBH0FJQCUAiRdJQNsBVJ9JQFEAQgZIQR0AjqBHQGsA23pGQHwA+n1FQF0BO49EQR8AgUZEQE0BSo9EgGsA4nxDQCEAkxdCQQ8AhEtCQLABCJRBQRMAf6hAQGcBNZA/gSYAm0Y+QFUBPZQ+gCgApRQ9QMUBBp49QFYBSzU9gCEAmRc9QSIAk6E8QBsAgXY7QHQBXDg5ARwAZEM0ALAA9a4yAKsBXj8yAB0AuHgxAJABXpgxAJ4BYZowAG0BXjgvAMABYUQuACUArBItABoA4nctAHYBYTktAB0A0ngtABoA9HotAFYBYY8tAMwBXp4sASgAxqMsAOIBW0kqAKUBYT8qAAA=",
  "status": "Approved",
  "initials": "RD",
  "date": "2026-03-25T16:00:00.000Z",
  "canGenerateMealTicket": true,
  "mealTicketExpirationDate": "2026-04-14T16:00:00.000Z",
  "mealType": "Veggie",
  "createdAt": "2026-03-26T03:48:36.726Z"
}
[2026-04-30T02:39:08.508Z] INFO: [MealTicketController] Generating ticket. RID: null, Type: null
[2026-04-30T02:39:08.509Z] INFO: [GenerateMealTicket] Attempting identification...
[2026-04-30T02:39:08.563Z] INFO: [GenerateMealTicket] Sending 6 candidates to Bridge.
[2026-04-30T02:39:08.563Z] INFO: [GenerateMealTicket] Calling Bridge at: http://127.0.0.1:5003/identify
[2026-04-30T02:39:08.568Z] INFO: [GenerateMealTicket] Bridge Response: status=SUCCESS, matchedIndex=3
[2026-04-30T02:39:08.568Z] INFO: [GenerateMealTicket] IDENTIFIED_SUCCESS: rex domingo (ID: 5)
[2026-04-30T02:39:08.568Z] INFO: [GenerateMealTicket] Checking authorization for RID 5. canGenerateMealTicket: true
[2026-04-30T02:39:08.568Z] INFO: [GenerateMealTicket] RID 5 has an expired meal ticket plan (Wed Apr 15 2026 00:00:00 GMT+0800 (China Standard Time))
[2026-04-30T02:39:08.569Z] ERROR: [MealTicketController] Error caught: {}
[2026-04-30T02:39:08.570Z] INFO: [MealTicketController] Sending 403 with error: "Please Contact the Registrar Office for the Validations"
[2026-04-30T02:39:19.692Z] INFO: [DEBUG] Login attempt for user: admin
[2026-04-30T02:39:19.781Z] INFO: [DEBUG] Password valid: true
[2026-04-30T02:39:48.900Z] INFO: [MealTicketController] Generating ticket. RID: null, Type: null
[2026-04-30T02:39:48.900Z] INFO: [GenerateMealTicket] Attempting identification...
[2026-04-30T02:39:48.902Z] INFO: [GenerateMealTicket] Sending 6 candidates to Bridge.
[2026-04-30T02:39:48.903Z] INFO: [GenerateMealTicket] Calling Bridge at: http://127.0.0.1:5003/identify
[2026-04-30T02:39:48.910Z] INFO: [GenerateMealTicket] Bridge Response: status=SUCCESS, matchedIndex=3
[2026-04-30T02:39:48.911Z] INFO: [GenerateMealTicket] IDENTIFIED_SUCCESS: rex domingo (ID: 5)
[2026-04-30T02:39:48.911Z] INFO: [GenerateMealTicket] Checking authorization for RID 5. canGenerateMealTicket: true
[2026-04-30T02:39:48.911Z] INFO: [GenerateMealTicket] Generating ticket number for RID 5...
[2026-04-30T02:39:48.912Z] INFO: [GenerateMealTicket] Saving ticket MT-20260430-YVF2 for RID 5...
[2026-04-30T02:39:48.946Z] INFO: [GenerateMealTicket] Ticket MT-20260430-YVF2 saved successfully.
[2026-04-30T02:39:48.946Z] INFO: [MealTicketController] Ticket generated: MT-20260430-YVF2
[2026-04-30T02:39:48.968Z] INFO: [CreateAccessLog] Sending WhatsApp to 639357117604: Hello!  rex domingo has successfully generate a meal ticket for their Veggie meal at 10:39:48 AM. Thank you!
[2026-04-30T02:39:49.599Z] INFO: [WhatsAppService] Message sent via Wassenger to 639357117604. ID: 69f2c0f5737d4ca4d1a6d10c
[2026-04-30T07:11:52.577Z] INFO: [dotenv@17.3.1] injecting env (0) from .env [2m-- tip: 🔐 prevent committing .env to code: https://dotenvx.com/precommit[0m
[2026-04-30T07:11:53.058Z] INFO: [2026-04-30T07:11:53.058Z] DB Connection SUCCESS: Database is reachable.
[2026-04-30T07:11:53.064Z] INFO: [2026-04-30T07:11:53.064Z] Server running on port 5005 with Clean Architecture
[2026-04-30T07:14:27.439Z] INFO: [DEBUG] Login attempt for user: admin
[2026-04-30T07:14:27.542Z] INFO: [DEBUG] Password valid: false
[2026-04-30T07:14:27.543Z] ERROR: {}
[2026-04-30T07:14:31.566Z] INFO: [DEBUG] Login attempt for user: admin
[2026-04-30T07:14:31.662Z] INFO: [DEBUG] Password valid: true
[2026-04-30T07:15:01.634Z] INFO: [SystemController] Updating setting: whatsapp_biometric_message = Hello!  {name} has successfully generate a meal ticket for their {mealType} meal at {time}. Thank you!
[2026-04-30T07:15:01.635Z] INFO: [PostgresSystemSettingsRepository] Setting whatsapp_biometric_message to Hello!  {name} has successfully generate a meal ticket for their {mealType} meal at {time}. Thank you!
[2026-04-30T07:15:01.704Z] INFO: [PostgresSystemSettingsRepository] Successfully updated whatsapp_biometric_message
[2026-04-30T07:15:01.705Z] INFO: [SystemController] Setting updated successfully
[2026-04-30T07:15:01.710Z] INFO: [SystemController] Updating setting: wassenger_api_key = TEST_KEY_FROM_DB
[2026-04-30T07:15:01.710Z] INFO: [PostgresSystemSettingsRepository] Setting wassenger_api_key to TEST_KEY_FROM_DB
[2026-04-30T07:15:01.714Z] INFO: [PostgresSystemSettingsRepository] Successfully updated wassenger_api_key
[2026-04-30T07:15:01.714Z] INFO: [SystemController] Setting updated successfully
[2026-04-30T07:18:10.526Z] INFO: [SystemController] Updating setting: whatsapp_biometric_message = Hello!  {name} has successfully generate a meal ticket for their {mealType} meal at {time}. Thank you!
[2026-04-30T07:18:10.526Z] INFO: [PostgresSystemSettingsRepository] Setting whatsapp_biometric_message to Hello!  {name} has successfully generate a meal ticket for their {mealType} meal at {time}. Thank you!
[2026-04-30T07:18:10.641Z] INFO: [PostgresSystemSettingsRepository] Successfully updated whatsapp_biometric_message
[2026-04-30T07:18:10.641Z] INFO: [SystemController] Setting updated successfully
[2026-04-30T07:18:10.647Z] INFO: [SystemController] Updating setting: wassenger_api_key = aa134b1784413dd95763d8f05f4792836f82bb9d3001a1d54ca3732ab6f29190e73842b3fb52c9c7
[2026-04-30T07:18:10.647Z] INFO: [PostgresSystemSettingsRepository] Setting wassenger_api_key to aa134b1784413dd95763d8f05f4792836f82bb9d3001a1d54ca3732ab6f29190e73842b3fb52c9c7
[2026-04-30T07:18:10.649Z] INFO: [PostgresSystemSettingsRepository] Successfully updated wassenger_api_key
[2026-04-30T07:18:10.650Z] INFO: [SystemController] Setting updated successfully
[2026-04-30T07:18:11.596Z] INFO: [SystemController] Updating setting: whatsapp_biometric_message = Hello!  {name} has successfully generate a meal ticket for their {mealType} meal at {time}. Thank you!
[2026-04-30T07:18:11.596Z] INFO: [PostgresSystemSettingsRepository] Setting whatsapp_biometric_message to Hello!  {name} has successfully generate a meal ticket for their {mealType} meal at {time}. Thank you!
[2026-04-30T07:18:11.631Z] INFO: [PostgresSystemSettingsRepository] Successfully updated whatsapp_biometric_message
[2026-04-30T07:18:11.631Z] INFO: [SystemController] Setting updated successfully
[2026-04-30T07:18:11.638Z] INFO: [SystemController] Updating setting: wassenger_api_key = aa134b1784413dd95763d8f05f4792836f82bb9d3001a1d54ca3732ab6f29190e73842b3fb52c9c7
[2026-04-30T07:18:11.638Z] INFO: [PostgresSystemSettingsRepository] Setting wassenger_api_key to aa134b1784413dd95763d8f05f4792836f82bb9d3001a1d54ca3732ab6f29190e73842b3fb52c9c7
[2026-04-30T07:18:11.642Z] INFO: [PostgresSystemSettingsRepository] Successfully updated wassenger_api_key
[2026-04-30T07:18:11.643Z] INFO: [SystemController] Setting updated successfully
[2026-04-30T07:18:16.817Z] INFO: [SystemController] Updating setting: whatsapp_biometric_message = Hello!  {name} has successfully generate a meal ticket for their {mealType} meal at {time}. Thank you!
[2026-04-30T07:18:16.817Z] INFO: [PostgresSystemSettingsRepository] Setting whatsapp_biometric_message to Hello!  {name} has successfully generate a meal ticket for their {mealType} meal at {time}. Thank you!
[2026-04-30T07:18:16.820Z] INFO: [PostgresSystemSettingsRepository] Successfully updated whatsapp_biometric_message
[2026-04-30T07:18:16.820Z] INFO: [SystemController] Setting updated successfully
[2026-04-30T07:18:16.828Z] INFO: [SystemController] Updating setting: wassenger_api_key = aa134b1784413dd95763d8f05f4792836f82bb9d3001a1d54ca3732ab6f29190e73842b3fb52c9c7
[2026-04-30T07:18:16.828Z] INFO: [PostgresSystemSettingsRepository] Setting wassenger_api_key to aa134b1784413dd95763d8f05f4792836f82bb9d3001a1d54ca3732ab6f29190e73842b3fb52c9c7
[2026-04-30T07:18:16.830Z] INFO: [PostgresSystemSettingsRepository] Successfully updated wassenger_api_key
[2026-04-30T07:18:16.830Z] INFO: [SystemController] Setting updated successfully
[2026-04-30T07:29:06.264Z] INFO: [MealTicketController] Generating ticket. RID: null, Type: null
[2026-04-30T07:29:06.265Z] INFO: [GenerateMealTicket] Attempting identification...
[2026-04-30T07:29:06.428Z] INFO: [GenerateMealTicket] Sending 6 candidates to Bridge.
[2026-04-30T07:29:06.429Z] INFO: [GenerateMealTicket] Calling Bridge at: http://127.0.0.1:5003/identify
[2026-04-30T07:29:06.481Z] INFO: [GenerateMealTicket] Bridge Response: status=SUCCESS, matchedIndex=5
[2026-04-30T07:29:06.481Z] INFO: [GenerateMealTicket] IDENTIFIED_SUCCESS: jhazon enanoria (ID: 1)
[2026-04-30T07:29:06.482Z] INFO: [GenerateMealTicket] Checking authorization for RID 1. canGenerateMealTicket: true
[2026-04-30T07:29:06.482Z] INFO: [GenerateMealTicket] Generating ticket number for RID 1...
[2026-04-30T07:29:06.482Z] INFO: [GenerateMealTicket] Saving ticket MT-20260430-JC7J for RID 1...
[2026-04-30T07:29:06.555Z] INFO: [GenerateMealTicket] Ticket MT-20260430-JC7J saved successfully.
[2026-04-30T07:29:06.555Z] INFO: [MealTicketController] Ticket generated: MT-20260430-JC7J
[2026-04-30T07:29:06.616Z] INFO: [CreateAccessLog] Sending WhatsApp to 639381583922: Hello!  jhazon enanoria has successfully generate a meal ticket for their Veggie meal at 03:29:06 PM. Thank you!
[2026-04-30T07:29:07.185Z] INFO: [WhatsAppService] Message sent via Wassenger to 639381583922. ID: 69f304c19e4a15c9395f52f0
[2026-04-30T08:22:53.531Z] INFO: [DEBUG] Login attempt for user: admin
[2026-04-30T08:22:53.630Z] INFO: [DEBUG] Password valid: false
[2026-04-30T08:22:53.630Z] ERROR: {}
[2026-04-30T08:22:56.713Z] INFO: [DEBUG] Login attempt for user: admin
[2026-04-30T08:22:56.807Z] INFO: [DEBUG] Password valid: true
[2026-04-30T08:23:10.925Z] INFO: [SystemController] Updating setting: whatsapp_biometric_message = Hello!  {name} has successfully generate a meal ticket for their {mealType} meal at {time}. Thank you!
[2026-04-30T08:23:10.925Z] INFO: [PostgresSystemSettingsRepository] Setting whatsapp_biometric_message to Hello!  {name} has successfully generate a meal ticket for their {mealType} meal at {time}. Thank you!
[2026-04-30T08:23:11.015Z] INFO: [PostgresSystemSettingsRepository] Successfully updated whatsapp_biometric_message
[2026-04-30T08:23:11.015Z] INFO: [SystemController] Setting updated successfully
[2026-04-30T08:23:11.021Z] INFO: [SystemController] Updating setting: wassenger_api_key = 4e71c4c3c0c0e7db3dc0752e831a304bdee334f410c9b3ba0384f0e8fc7419790214cb60da424f1d
[2026-04-30T08:23:11.022Z] INFO: [PostgresSystemSettingsRepository] Setting wassenger_api_key to 4e71c4c3c0c0e7db3dc0752e831a304bdee334f410c9b3ba0384f0e8fc7419790214cb60da424f1d
[2026-04-30T08:23:11.023Z] INFO: [PostgresSystemSettingsRepository] Successfully updated wassenger_api_key
[2026-04-30T08:23:11.024Z] INFO: [SystemController] Setting updated successfully
[2026-04-30T08:23:12.153Z] INFO: [SystemController] Updating setting: whatsapp_biometric_message = Hello!  {name} has successfully generate a meal ticket for their {mealType} meal at {time}. Thank you!
[2026-04-30T08:23:12.154Z] INFO: [PostgresSystemSettingsRepository] Setting whatsapp_biometric_message to Hello!  {name} has successfully generate a meal ticket for their {mealType} meal at {time}. Thank you!
[2026-04-30T08:23:12.189Z] INFO: [PostgresSystemSettingsRepository] Successfully updated whatsapp_biometric_message
[2026-04-30T08:23:12.190Z] INFO: [SystemController] Setting updated successfully
[2026-04-30T08:23:12.203Z] INFO: [SystemController] Updating setting: wassenger_api_key = 4e71c4c3c0c0e7db3dc0752e831a304bdee334f410c9b3ba0384f0e8fc7419790214cb60da424f1d
[2026-04-30T08:23:12.204Z] INFO: [PostgresSystemSettingsRepository] Setting wassenger_api_key to 4e71c4c3c0c0e7db3dc0752e831a304bdee334f410c9b3ba0384f0e8fc7419790214cb60da424f1d
[2026-04-30T08:23:12.211Z] INFO: [PostgresSystemSettingsRepository] Successfully updated wassenger_api_key
[2026-04-30T08:23:12.211Z] INFO: [SystemController] Setting updated successfully
[2026-04-30T08:23:49.317Z] INFO: [MealTicketController] Generating ticket. RID: null, Type: null
[2026-04-30T08:23:49.317Z] INFO: [GenerateMealTicket] Attempting identification...
[2026-04-30T08:23:49.376Z] INFO: [GenerateMealTicket] Sending 6 candidates to Bridge.
[2026-04-30T08:23:49.377Z] INFO: [GenerateMealTicket] Calling Bridge at: http://127.0.0.1:5003/identify
[2026-04-30T08:23:49.383Z] INFO: [GenerateMealTicket] Bridge Response: status=SUCCESS, matchedIndex=5
[2026-04-30T08:23:49.384Z] INFO: [GenerateMealTicket] IDENTIFIED_SUCCESS: jhazon enanoria (ID: 1)
[2026-04-30T08:23:49.384Z] INFO: [GenerateMealTicket] Checking authorization for RID 1. canGenerateMealTicket: true
[2026-04-30T08:23:49.384Z] INFO: [GenerateMealTicket] Generating ticket number for RID 1...
[2026-04-30T08:23:49.384Z] INFO: [GenerateMealTicket] Saving ticket MT-20260430-MU39 for RID 1...
[2026-04-30T08:23:49.422Z] INFO: [GenerateMealTicket] Ticket MT-20260430-MU39 saved successfully.
[2026-04-30T08:23:49.422Z] INFO: [MealTicketController] Ticket generated: MT-20260430-MU39
[2026-04-30T08:23:49.448Z] INFO: [CreateAccessLog] Sending WhatsApp to 639381583922: Hello!  jhazon enanoria has successfully generate a meal ticket for their Veggie meal at 04:23:49 PM. Thank you!
[2026-04-30T08:23:50.361Z] INFO: [WhatsAppService] Message sent via Wassenger to 639381583922. ID: 69f31194554975ea855c43c0
[2026-04-30T08:26:12.740Z] INFO: [MealTicketController] Generating ticket. RID: null, Type: null
[2026-04-30T08:26:12.741Z] INFO: [GenerateMealTicket] Attempting identification...
[2026-04-30T08:26:12.792Z] INFO: [GenerateMealTicket] Sending 6 candidates to Bridge.
[2026-04-30T08:26:12.792Z] INFO: [GenerateMealTicket] Calling Bridge at: http://127.0.0.1:5003/identify
[2026-04-30T08:26:12.796Z] INFO: [GenerateMealTicket] Bridge Response: status=SUCCESS, matchedIndex=5
[2026-04-30T08:26:12.797Z] INFO: [GenerateMealTicket] IDENTIFIED_SUCCESS: jhazon enanoria (ID: 1)
[2026-04-30T08:26:12.797Z] INFO: [GenerateMealTicket] Checking authorization for RID 1. canGenerateMealTicket: true
[2026-04-30T08:26:12.797Z] INFO: [GenerateMealTicket] Generating ticket number for RID 1...
[2026-04-30T08:26:12.798Z] INFO: [GenerateMealTicket] Saving ticket MT-20260430-KLDC for RID 1...
[2026-04-30T08:26:12.833Z] INFO: [GenerateMealTicket] Ticket MT-20260430-KLDC saved successfully.
[2026-04-30T08:26:12.833Z] INFO: [MealTicketController] Ticket generated: MT-20260430-KLDC
[2026-04-30T08:26:12.848Z] INFO: [CreateAccessLog] Sending WhatsApp to 639381583922: Hello!  jhazon enanoria has successfully generate a meal ticket for their Veggie meal at 04:26:12 PM. Thank you!
[2026-04-30T08:26:13.275Z] INFO: [WhatsAppService] Message sent via Wassenger to 639381583922. ID: 69f31222554975ea855c7130
[2026-04-30T08:27:05.742Z] INFO: [dotenv@17.3.1] injecting env (0) from .env [2m-- tip: ⚙️  enable debug logging with { debug: true }[0m
[2026-04-30T08:27:06.199Z] INFO: [2026-04-30T08:27:06.199Z] DB Connection SUCCESS: Database is reachable.
[2026-04-30T08:27:06.203Z] INFO: [2026-04-30T08:27:06.203Z] Server running on port 5005 with Clean Architecture
[2026-04-30T08:27:29.307Z] INFO: [MealTicketController] Generating ticket. RID: null, Type: null
[2026-04-30T08:27:29.308Z] INFO: [GenerateMealTicket] Attempting identification...
[2026-04-30T08:27:29.364Z] INFO: [GenerateMealTicket] Sending 6 candidates to Bridge.
[2026-04-30T08:27:29.365Z] INFO: [GenerateMealTicket] Calling Bridge at: http://127.0.0.1:5003/identify
[2026-04-30T08:27:29.383Z] INFO: [GenerateMealTicket] Bridge Response: status=SUCCESS, matchedIndex=5
[2026-04-30T08:27:29.383Z] INFO: [GenerateMealTicket] IDENTIFIED_SUCCESS: jhazon enanoria (ID: 1)
[2026-04-30T08:27:29.383Z] INFO: [GenerateMealTicket] Checking authorization for RID 1. canGenerateMealTicket: true
[2026-04-30T08:27:29.384Z] INFO: [GenerateMealTicket] Generating ticket number for RID 1...
[2026-04-30T08:27:29.384Z] INFO: [GenerateMealTicket] Saving ticket MT-20260430-2MEM for RID 1...
[2026-04-30T08:27:29.392Z] INFO: [GenerateMealTicket] Ticket MT-20260430-2MEM saved successfully.
[2026-04-30T08:27:29.392Z] INFO: [MealTicketController] Ticket generated: MT-20260430-2MEM
[2026-04-30T08:27:29.456Z] INFO: [CreateAccessLog] Sending WhatsApp to 639381583922: Hello!  jhazon enanoria has successfully generate a meal ticket for their Veggie meal at 04:27:29 PM. Thank you!
[2026-04-30T08:27:29.959Z] INFO: [WhatsAppService] Message sent via Wassenger to 639381583922. ID: 69f3126f9e4a15c939638f05
[2026-04-30T08:28:39.089Z] INFO: [MealTicketController] Generating ticket. RID: null, Type: null
[2026-04-30T08:28:39.089Z] INFO: [GenerateMealTicket] Attempting identification...
[2026-04-30T08:28:39.172Z] INFO: [GenerateMealTicket] Sending 6 candidates to Bridge.
[2026-04-30T08:28:39.172Z] INFO: [GenerateMealTicket] Calling Bridge at: http://127.0.0.1:5003/identify
[2026-04-30T08:28:39.178Z] INFO: [GenerateMealTicket] Bridge Response: status=SUCCESS, matchedIndex=3
[2026-04-30T08:28:39.179Z] INFO: [GenerateMealTicket] IDENTIFIED_SUCCESS: rex domingo (ID: 5)
[2026-04-30T08:28:39.179Z] INFO: [GenerateMealTicket] Checking authorization for RID 5. canGenerateMealTicket: true
[2026-04-30T08:28:39.179Z] INFO: [GenerateMealTicket] Generating ticket number for RID 5...
[2026-04-30T08:28:39.179Z] INFO: [GenerateMealTicket] Saving ticket MT-20260430-45T7 for RID 5...
[2026-04-30T08:28:39.184Z] INFO: [GenerateMealTicket] Ticket MT-20260430-45T7 saved successfully.
[2026-04-30T08:28:39.184Z] INFO: [MealTicketController] Ticket generated: MT-20260430-45T7
[2026-04-30T08:28:39.198Z] INFO: [CreateAccessLog] Sending WhatsApp to 639357117604: Hello!  rex domingo has successfully generate a meal ticket for their Veggie meal at 04:28:39 PM. Thank you!
[2026-04-30T08:28:39.803Z] INFO: [WhatsAppService] Message sent via Wassenger to 639357117604. ID: 69f312b5554975ea855c8b23
[2026-04-30T08:30:13.290Z] INFO: [DEBUG] Login attempt for user: admin
[2026-04-30T08:30:13.405Z] INFO: [DEBUG] Password valid: true
[2026-04-30T08:32:05.348Z] INFO: [MealTicketController] Generating ticket. RID: null, Type: null
[2026-04-30T08:32:05.348Z] INFO: [GenerateMealTicket] Attempting identification...
[2026-04-30T08:32:05.350Z] INFO: [GenerateMealTicket] Sending 7 candidates to Bridge.
[2026-04-30T08:32:05.351Z] INFO: [GenerateMealTicket] Calling Bridge at: http://127.0.0.1:5003/identify
[2026-04-30T08:32:05.356Z] INFO: [GenerateMealTicket] Bridge Response: status=SUCCESS, matchedIndex=0
[2026-04-30T08:32:05.357Z] INFO: [GenerateMealTicket] IDENTIFIED_SUCCESS: Denish Murugan (ID: 23)
[2026-04-30T08:32:05.357Z] INFO: [GenerateMealTicket] Checking authorization for RID 23. canGenerateMealTicket: true
[2026-04-30T08:32:05.357Z] INFO: [GenerateMealTicket] Generating ticket number for RID 23...
[2026-04-30T08:32:05.357Z] INFO: [GenerateMealTicket] Saving ticket MT-20260430-UUYD for RID 23...
[2026-04-30T08:32:05.400Z] INFO: [GenerateMealTicket] Ticket MT-20260430-UUYD saved successfully.
[2026-04-30T08:32:05.401Z] INFO: [MealTicketController] Ticket generated: MT-20260430-UUYD
[2026-04-30T08:32:05.412Z] INFO: [CreateAccessLog] Sending WhatsApp to 639423413082: Hello!  Denish Murugan has successfully generate a meal ticket for their Non-Veggie meal at 04:32:05 PM. Thank you!
[2026-04-30T08:32:06.713Z] INFO: [WhatsAppService] Message sent via Wassenger to 639423413082. ID: 69f31384281731b9cbc3f753
[2026-05-01T00:40:57.735Z] INFO: [dotenv@17.3.1] injecting env (0) from .env [2m-- tip: 🛡️ auth for agents: https://vestauth.com[0m
[2026-05-01T00:40:58.788Z] INFO: [2026-05-01T00:40:58.788Z] DB Connection SUCCESS: Database is reachable.
[2026-05-01T00:40:58.796Z] INFO: [2026-05-01T00:40:58.796Z] Server running on port 5005 with Clean Architecture
[2026-05-01T00:42:55.619Z] INFO: [DEBUG] Login attempt for user: admin
[2026-05-01T00:42:55.708Z] INFO: [DEBUG] Password valid: false
[2026-05-01T00:42:55.709Z] ERROR: {}
[2026-05-01T00:42:59.075Z] INFO: [DEBUG] Login attempt for user: admin
[2026-05-01T00:42:59.155Z] INFO: [DEBUG] Password valid: true
[2026-05-26T04:41:05.048Z] INFO: [dotenv@17.3.1] injecting env (0) from .env [2m-- tip: ⚙️  load multiple .env files with { path: ['.env.local', '.env'] }[0m
[2026-05-26T04:41:05.503Z] INFO: [2026-05-26T04:41:05.503Z] DB Connection SUCCESS: Database is reachable.
[2026-05-26T04:41:05.506Z] INFO: [2026-05-26T04:41:05.506Z] Server running on port 5005 with Clean Architecture
[2026-05-26T07:27:51.259Z] INFO: [dotenv@17.3.1] injecting env (0) from .env [2m-- tip: 🛡️ auth for agents: https://vestauth.com[0m
[2026-05-26T07:27:51.734Z] INFO: [2026-05-26T07:27:51.734Z] DB Connection SUCCESS: Database is reachable.
[2026-05-26T07:27:51.742Z] INFO: [2026-05-26T07:27:51.741Z] Server running on port 5005 with Clean Architecture
[2026-05-26T07:34:23.088Z] INFO: [dotenv@17.3.1] injecting env (0) from .env [2m-- tip: ⚙️  specify custom .env file path with { path: '/custom/path/.env' }[0m
[2026-05-26T07:34:23.363Z] INFO: [2026-05-26T07:34:23.363Z] DB Connection SUCCESS: Database is reachable.
[2026-05-26T07:34:23.366Z] INFO: [2026-05-26T07:34:23.366Z] Server running on port 5005 with Clean Architecture
[2026-05-26T07:35:56.049Z] INFO: [dotenv@17.3.1] injecting env (0) from .env [2m-- tip: 🔐 encrypt with Dotenvx: https://dotenvx.com[0m
[2026-05-26T07:35:56.453Z] INFO: [2026-05-26T07:35:56.453Z] DB Connection SUCCESS: Database is reachable.
[2026-05-26T07:35:56.458Z] INFO: [2026-05-26T07:35:56.458Z] Server running on port 5005 with Clean Architecture
[2026-05-26T07:37:37.299Z] INFO: [dotenv@17.3.1] injecting env (0) from .env [2m-- tip: 🔐 prevent committing .env to code: https://dotenvx.com/precommit[0m
[2026-05-26T07:37:37.643Z] INFO: [2026-05-26T07:37:37.643Z] DB Connection SUCCESS: Database is reachable.
[2026-05-26T07:37:37.646Z] INFO: [2026-05-26T07:37:37.646Z] Server running on port 5005 with Clean Architecture
[2026-05-26T07:40:28.420Z] INFO: [dotenv@17.3.1] injecting env (0) from .env [2m-- tip: 🛡️ auth for agents: https://vestauth.com[0m
[2026-05-26T07:40:28.714Z] INFO: [2026-05-26T07:40:28.714Z] DB Connection SUCCESS: Database is reachable.
[2026-05-26T07:40:28.717Z] INFO: [2026-05-26T07:40:28.717Z] Server running on port 5005 with Clean Architecture
[2026-05-26T08:24:28.953Z] INFO: [dotenv@17.3.1] injecting env (0) from .env [2m-- tip: 🔐 encrypt with Dotenvx: https://dotenvx.com[0m
[2026-05-26T08:24:29.297Z] INFO: [2026-05-26T08:24:29.297Z] DB Connection SUCCESS: Database is reachable.
[2026-05-26T08:24:29.300Z] INFO: [2026-05-26T08:24:29.300Z] Server running on port 5005 with Clean Architecture
[2026-05-26T08:34:42.407Z] INFO: [dotenv@17.3.1] injecting env (0) from .env [2m-- tip: 🤖 agentic secret storage: https://dotenvx.com/as2[0m
[2026-05-26T08:34:42.696Z] INFO: [2026-05-26T08:34:42.696Z] DB Connection SUCCESS: Database is reachable.
[2026-05-26T08:34:42.699Z] INFO: [2026-05-26T08:34:42.699Z] Server running on port 5005 with Clean Architecture
[2026-05-26T09:06:25.799Z] INFO: [dotenv@17.3.1] injecting env (0) from .env [2m-- tip: 🔐 encrypt with Dotenvx: https://dotenvx.com[0m
[2026-05-26T09:06:26.340Z] INFO: [2026-05-26T09:06:26.340Z] DB Connection SUCCESS: Database is reachable.
[2026-05-26T09:06:26.344Z] INFO: [2026-05-26T09:06:26.344Z] Server running on port 5005 with Clean Architecture
[2026-05-26T09:11:28.283Z] INFO: [dotenv@17.3.1] injecting env (0) from .env [2m-- tip: 🔐 prevent committing .env to code: https://dotenvx.com/precommit[0m
[2026-05-26T09:11:29.010Z] INFO: [2026-05-26T09:11:29.010Z] DB Connection SUCCESS: Database is reachable.
[2026-05-26T09:11:29.015Z] INFO: [2026-05-26T09:11:29.015Z] Server running on port 5005 with Clean Architecture
[2026-05-26T09:32:00.266Z] INFO: [dotenv@17.3.1] injecting env (0) from .env -- tip: 🔐 prevent building .env in docker: https://dotenvx.com/prebuild
[2026-05-26T09:32:00.647Z] INFO: [2026-05-26T09:32:00.647Z] DB Connection SUCCESS: Database is reachable.
[2026-05-26T09:32:00.651Z] INFO: [2026-05-26T09:32:00.651Z] Server running on port 5005 with Clean Architecture
[2026-05-26T09:32:12.360Z] INFO: [MealTicketController] Generating ticket. RID: 1, Type: undefined
[2026-05-26T09:32:12.360Z] INFO: [GenerateMealTicket] Standard lookup for ID: 1
[2026-05-26T09:32:12.363Z] INFO: [GenerateMealTicket] Checking authorization for RID 1. canGenerateMealTicket: true
[2026-05-26T09:32:12.368Z] INFO: [GenerateMealTicket] RID 1 already claimed Dinner today
[2026-05-26T09:32:12.368Z] ERROR: [MealTicketController] Error caught: {}
[2026-05-26T09:32:12.368Z] INFO: [MealTicketController] Sending 409 with error: "Dinner meal already claimed today. Only one Dinner ticket is allowed per student."
[2026-05-26T09:33:14.102Z] INFO: [MealTicketController] Generating ticket. RID: null, Type: null
[2026-05-26T09:33:14.102Z] INFO: [GenerateMealTicket] Attempting identification...
[2026-05-26T09:33:14.104Z] INFO: [GenerateMealTicket] Sending 1 candidates to Bridge.
[2026-05-26T09:33:14.104Z] INFO: [GenerateMealTicket] Calling Bridge at: http://127.0.0.1:5003/identify
[2026-05-26T09:33:14.117Z] INFO: [GenerateMealTicket] Bridge Response: status=SUCCESS, matchedIndex=0
[2026-05-26T09:33:14.117Z] INFO: [GenerateMealTicket] IDENTIFIED_SUCCESS: jhazon enanoria (ID: 1)
[2026-05-26T09:33:14.118Z] INFO: [GenerateMealTicket] Checking authorization for RID 1. canGenerateMealTicket: true
[2026-05-26T09:33:14.121Z] INFO: [GenerateMealTicket] RID 1 already claimed Dinner today
[2026-05-26T09:33:14.121Z] ERROR: [MealTicketController] Error caught: {}
[2026-05-26T09:33:14.121Z] INFO: [MealTicketController] Sending 409 with error: "Dinner meal already claimed today. Only one Dinner ticket is allowed per student."
[2026-05-26T09:40:59.157Z] INFO: [dotenv@17.3.1] injecting env (0) from .env -- tip: 🛠️  run anywhere with `dotenvx run -- yourcommand`
[2026-05-26T09:40:59.449Z] INFO: [2026-05-26T09:40:59.449Z] DB Connection SUCCESS: Database is reachable.
[2026-05-26T09:40:59.452Z] INFO: [2026-05-26T09:40:59.452Z] Server running on port 5005 with Clean Architecture
[2026-05-26T09:42:24.977Z] INFO: [Authorize] UNAUTHORIZED: Missing Authorization header for request to /api/registrations/check-biometric
[2026-05-26T09:44:55.360Z] INFO: [DEBUG] Login attempt for user: admin
[2026-05-26T09:44:55.446Z] INFO: [DEBUG] Password valid: true
[2026-05-26T10:09:22.756Z] INFO: [MealTicketController] Generating ticket. RID: null, Type: null
[2026-05-26T10:09:22.756Z] INFO: [GenerateMealTicket] Attempting identification...
[2026-05-26T10:09:22.758Z] INFO: [GenerateMealTicket] Sending 1 candidates to Bridge.
[2026-05-26T10:09:22.758Z] INFO: [GenerateMealTicket] Calling Bridge at: http://127.0.0.1:5003/identify
[2026-05-26T10:09:22.766Z] INFO: [GenerateMealTicket] Bridge Response: status=SUCCESS, matchedIndex=0
[2026-05-26T10:09:22.766Z] INFO: [GenerateMealTicket] IDENTIFIED_SUCCESS: jhazon enanoria (ID: 1)
[2026-05-26T10:09:22.766Z] INFO: [GenerateMealTicket] Checking authorization for RID 1. canGenerateMealTicket: true
[2026-05-26T10:09:22.781Z] INFO: [GenerateMealTicket] RID 1 already claimed Dinner today
[2026-05-26T10:09:22.782Z] ERROR: [MealTicketController] Error caught: {}
[2026-05-26T10:09:22.782Z] INFO: [MealTicketController] Sending 409 with error: "Dinner meal already claimed today. Only one Dinner ticket is allowed per student."
[2026-05-26T10:14:09.887Z] INFO: [MealTicketController] Generating ticket. RID: null, Type: null
[2026-05-26T10:14:09.888Z] INFO: [GenerateMealTicket] Attempting identification...
[2026-05-26T10:14:09.889Z] INFO: [GenerateMealTicket] Sending 1 candidates to Bridge.
[2026-05-26T10:14:09.889Z] INFO: [GenerateMealTicket] Calling Bridge at: http://127.0.0.1:5003/identify
[2026-05-26T10:14:09.892Z] INFO: [GenerateMealTicket] Bridge Response: status=SUCCESS, matchedIndex=0
[2026-05-26T10:14:09.892Z] INFO: [GenerateMealTicket] IDENTIFIED_SUCCESS: jhazon enanoria (ID: 1)
[2026-05-26T10:14:09.892Z] INFO: [GenerateMealTicket] Checking authorization for RID 1. canGenerateMealTicket: true
[2026-05-26T10:14:09.898Z] INFO: [GenerateMealTicket] RID 1 already claimed Dinner today
[2026-05-26T10:14:09.898Z] ERROR: [MealTicketController] Error caught: {}
[2026-05-26T10:14:09.898Z] INFO: [MealTicketController] Sending 409 with error: "Dinner meal already claimed today. Only one Dinner ticket is allowed per student."
[2026-05-26T10:16:24.126Z] INFO: [MealTicketController] Generating ticket. RID: null, Type: null
[2026-05-26T10:16:24.126Z] INFO: [GenerateMealTicket] Attempting identification...
[2026-05-26T10:16:24.127Z] INFO: [GenerateMealTicket] Sending 2 candidates to Bridge.
[2026-05-26T10:16:24.128Z] INFO: [GenerateMealTicket] Calling Bridge at: http://127.0.0.1:5003/identify
[2026-05-26T10:16:24.131Z] INFO: [GenerateMealTicket] Bridge Response: status=SUCCESS, matchedIndex=0
[2026-05-26T10:16:24.131Z] INFO: [GenerateMealTicket] IDENTIFIED_SUCCESS: REX DOMINGO (ID: 2)
[2026-05-26T10:16:24.131Z] INFO: [GenerateMealTicket] Checking authorization for RID 2. canGenerateMealTicket: true
[2026-05-26T10:16:24.138Z] INFO: [GenerateMealTicket] Generating ticket number for RID 2...
[2026-05-26T10:16:24.138Z] INFO: [GenerateMealTicket] Saving ticket MT-20260526-B2BV for RID 2...
[2026-05-26T10:16:24.169Z] INFO: [GenerateMealTicket] Ticket MT-20260526-B2BV saved successfully.
[2026-05-26T10:16:24.169Z] INFO: [MealTicketController] Ticket generated: MT-20260526-B2BV
[2026-05-26T10:16:24.179Z] INFO: [CreateAccessLog] Sending WhatsApp to parent (639357117604): Hello!  REX DOMINGO has successfully generate a meal ticket for their Non-Veggie meal at 06:16:24 PM. Thank you!
[2026-05-26T10:16:24.964Z] INFO: [WhatsAppService] Message sent via Wassenger to 639357117604. ID: 6a1572f5756f97b2cbb0f067
[2026-05-26T10:16:24.964Z] INFO: [CreateAccessLog] Sending WhatsApp to student (639357117604): Hello!  REX DOMINGO has successfully generate a meal ticket for their Non-Veggie meal at 06:16:24 PM. Thank you!
[2026-05-26T10:16:25.271Z] INFO: [WhatsAppService] Message sent via Wassenger to 639357117604. ID: 6a1572f6405199e26e37ad80
[2026-05-26T10:16:48.864Z] INFO: [MealTicketController] Generating ticket. RID: null, Type: null
[2026-05-26T10:16:48.864Z] INFO: [GenerateMealTicket] Attempting identification...
[2026-05-26T10:16:48.904Z] INFO: [GenerateMealTicket] Sending 2 candidates to Bridge.
[2026-05-26T10:16:48.904Z] INFO: [GenerateMealTicket] Calling Bridge at: http://127.0.0.1:5003/identify
[2026-05-26T10:16:48.908Z] INFO: [GenerateMealTicket] Bridge Response: status=SUCCESS, matchedIndex=0
[2026-05-26T10:16:48.908Z] INFO: [GenerateMealTicket] IDENTIFIED_SUCCESS: REX DOMINGO (ID: 2)
[2026-05-26T10:16:48.908Z] INFO: [GenerateMealTicket] Checking authorization for RID 2. canGenerateMealTicket: true
[2026-05-26T10:16:48.911Z] INFO: [GenerateMealTicket] RID 2 already claimed Dinner today
[2026-05-26T10:16:48.911Z] ERROR: [MealTicketController] Error caught: {}
[2026-05-26T10:16:48.911Z] INFO: [MealTicketController] Sending 409 with error: "Dinner meal already claimed today. Only one Dinner ticket is allowed per student."
[2026-05-27T00:22:11.567Z] INFO: [dotenv@17.3.1] injecting env (0) from .env [2m-- tip: ⚙️  load multiple .env files with { path: ['.env.local', '.env'] }[0m
[2026-05-27T00:22:12.319Z] INFO: [2026-05-27T00:22:12.319Z] DB Connection SUCCESS: Database is reachable.
[2026-05-27T00:22:12.325Z] INFO: [2026-05-27T00:22:12.325Z] Server running on port 5005 with Clean Architecture
[2026-05-27T01:42:37.093Z] INFO: [dotenv@17.3.1] injecting env (0) from .env [2m-- tip: ⚙️  write to custom object with { processEnv: myObject }[0m
[2026-05-27T01:42:37.471Z] INFO: [2026-05-27T01:42:37.471Z] DB Connection SUCCESS: Database is reachable.
[2026-05-27T01:42:37.474Z] INFO: [2026-05-27T01:42:37.474Z] Server running on port 5005 with Clean Architecture
[2026-05-27T01:45:08.664Z] INFO: [dotenv@17.3.1] injecting env (0) from .env [2m-- tip: ⚙️  enable debug logging with { debug: true }[0m
[2026-05-27T01:45:09.003Z] INFO: [2026-05-27T01:45:09.003Z] DB Connection SUCCESS: Database is reachable.
[2026-05-27T01:45:09.008Z] INFO: [2026-05-27T01:45:09.008Z] Server running on port 5005 with Clean Architecture
[2026-05-27T01:46:15.261Z] INFO: [MealTicketController] Generating ticket. RID: null, Type: null
[2026-05-27T01:46:15.262Z] INFO: [GenerateMealTicket] Attempting identification...
[2026-05-27T01:46:15.315Z] INFO: [GenerateMealTicket] Sending 2 candidates to Bridge.
[2026-05-27T01:46:15.315Z] INFO: [GenerateMealTicket] Calling Bridge at: http://127.0.0.1:5003/identify
[2026-05-27T01:46:15.325Z] INFO: [GenerateMealTicket] Bridge Response: status=SUCCESS, matchedIndex=1
[2026-05-27T01:46:15.326Z] INFO: [GenerateMealTicket] IDENTIFIED_SUCCESS: jhazon enanoria (ID: 1)
[2026-05-27T01:46:15.326Z] INFO: [GenerateMealTicket] Checking authorization for RID 1. canGenerateMealTicket: true
[2026-05-27T01:46:15.338Z] INFO: [GenerateMealTicket] RID 1 already claimed Breakfast today
[2026-05-27T01:46:15.339Z] ERROR: [MealTicketController] Error caught: {}
[2026-05-27T01:46:15.339Z] INFO: [MealTicketController] Sending 409 with error: "Breakfast meal already claimed today. Only one Breakfast ticket is allowed per student."
[2026-05-27T01:46:29.745Z] INFO: [MealTicketController] Generating ticket. RID: null, Type: null
[2026-05-27T01:46:29.745Z] INFO: [GenerateMealTicket] Attempting identification...
[2026-05-27T01:46:29.914Z] INFO: [GenerateMealTicket] Sending 2 candidates to Bridge.
[2026-05-27T01:46:29.915Z] INFO: [GenerateMealTicket] Calling Bridge at: http://127.0.0.1:5003/identify
[2026-05-27T01:46:29.922Z] INFO: [GenerateMealTicket] Bridge Response: status=SUCCESS, matchedIndex=1
[2026-05-27T01:46:29.924Z] INFO: [GenerateMealTicket] IDENTIFIED_SUCCESS: jhazon enanoria (ID: 1)
[2026-05-27T01:46:29.924Z] INFO: [GenerateMealTicket] Checking authorization for RID 1. canGenerateMealTicket: true
[2026-05-27T01:46:29.936Z] INFO: [GenerateMealTicket] RID 1 already claimed Breakfast today
[2026-05-27T01:46:29.936Z] ERROR: [MealTicketController] Error caught: {}
[2026-05-27T01:46:29.937Z] INFO: [MealTicketController] Sending 409 with error: "Breakfast meal already claimed today. Only one Breakfast ticket is allowed per student."
[2026-05-27T01:46:49.988Z] INFO: [DEBUG] Login attempt for user: admin
[2026-05-27T01:46:50.085Z] INFO: [DEBUG] Password valid: false
[2026-05-27T01:46:50.086Z] ERROR: {}
[2026-05-27T01:46:57.893Z] INFO: [DEBUG] Login attempt for user: admin
[2026-05-27T01:46:57.998Z] INFO: [DEBUG] Password valid: false
[2026-05-27T01:46:57.998Z] ERROR: {}
[2026-05-27T01:47:02.441Z] INFO: [DEBUG] Login attempt for user: admin
[2026-05-27T01:47:02.517Z] INFO: [DEBUG] Password valid: true
